<?xml version="1.0" encoding="UTF-8"?>
<testsuite xmlns:xsi="http://www.w3.org/2001/XMLSchema-instance" xsi:noNamespaceSchemaLocation="https://maven.apache.org/surefire/maven-surefire-plugin/xsd/surefire-test-report-3.0.xsd" version="3.0" name="com.tax.service.ReportServiceTest" time="0.246" tests="10" errors="0" skipped="0" failures="0">
  <properties>
[...]
</properties>
  <testcase name="test09_exceptionSummary_singleException" classname="com.tax.service.ReportServiceTest" time="0.195"/>
  <testcase name="test01_customerSummary_noTransactions_returnsEmptyList" classname="com.tax.service.ReportServiceTest" time="0.0"/>
  <testcase name="test06_customerSummary_nullTaxResult_handledGracefully" classname="com.tax.service.ReportServiceTest" time="0.005"/>
  <testcase name="test04_customerSummary_multipleCustomers" classname="com.tax.service.ReportServiceTest" time="0.001"/>
  <testcase name="test10_exceptionSummary_allSameSeverity" classname="com.tax.service.ReportServiceTest" time="0.007"/>
  <testcase name="test07_exceptionSummary_noExceptions" classname="com.tax.service.ReportServiceTest" time="0.0"/>
  <testcase name="test03_customerSummary_oneNonCompliantCustomer" classname="com.tax.service.ReportServiceTest" time="0.009"/>
  <testcase name="test08_exceptionSummary_countsCorrectly" classname="com.tax.service.ReportServiceTest" time="0.0"/>
  <testcase name="test05_customerSummary_complianceScore_50percent" classname="com.tax.service.ReportServiceTest" time="0.0"/>
  <testcase name="test02_customerSummary_oneCompliantCustomer" classname="com.tax.service.ReportServiceTest" time="0.0"/>
</testsuite>